<?xml version="1.0" encoding="UTF-8"?>
<!-- Generated by org.testng.reporters.JUnitReportReporter -->
<testsuite hostname="QSIH-00493" name="com.ole.work.WorkwithSSL" tests="1" failures="0" timestamp="7 Dec 2015 09:53:15 GMT" time="14.805" errors="0">
  <testcase name="checkBrokednLinks" time="14.805" classname="com.ole.work.WorkwithSSL"/>
</testsuite> <!-- com.ole.work.WorkwithSSL -->
