<?xml version="1.0" encoding="UTF-8"?>
<!-- Generated by org.testng.reporters.JUnitReportReporter -->
<testsuite hostname="QSIH-00493" name="upload.HandlingFrames" tests="1" failures="0" timestamp="10 Dec 2015 16:58:38 GMT" time="16.387" errors="0">
  <testcase name="HandleFrame" time="16.387" classname="upload.HandlingFrames"/>
</testsuite> <!-- upload.HandlingFrames -->
