<?xml version="1.0" encoding="UTF-8"?>
<!-- Generated by org.testng.reporters.JUnitReportReporter -->
<testsuite hostname="QSIH-00493" name="upload.SnapshotPlease" tests="1" failures="0" timestamp="5 Dec 2015 18:21:45 GMT" time="0.237" errors="0">
  <testcase name="takemeScrrenshot" time="0.237" classname="upload.SnapshotPlease"/>
</testsuite> <!-- upload.SnapshotPlease -->
