<?xml version="1.0" encoding="UTF-8"?>
<!-- Generated by org.testng.reporters.JUnitReportReporter -->
<testsuite hostname="QSIH-00493" name="upload.RefreshMe" tests="1" failures="0" timestamp="5 Dec 2015 19:08:28 GMT" time="20.731" errors="0">
  <testcase name="refrehMeBuddy" time="20.731" classname="upload.RefreshMe"/>
</testsuite> <!-- upload.RefreshMe -->
