<?xml version="1.0" encoding="UTF-8"?>
<!-- Generated by org.testng.reporters.JUnitReportReporter -->
<testsuite hostname="QSIH-00493" name="upload.Multipleactions" tests="1" failures="0" timestamp="6 Dec 2015 18:01:19 GMT" time="18.237" errors="0">
  <testcase name="multipleselection" time="18.237" classname="upload.Multipleactions"/>
</testsuite> <!-- upload.Multipleactions -->
