<?xml version="1.0" encoding="UTF-8"?>
<!-- Generated by org.testng.reporters.JUnitReportReporter -->
<testsuite hostname="QSIH-00493" name="com.ole.work.DoubleClick" tests="1" failures="0" timestamp="5 Dec 2015 13:28:35 GMT" time="5.552" errors="0">
  <testcase name="TestDoubleClick" time="5.552" classname="com.ole.work.DoubleClick"/>
</testsuite> <!-- com.ole.work.DoubleClick -->
