<?xml version="1.0" encoding="UTF-8"?>
<!-- Generated by org.testng.reporters.JUnitReportReporter -->
<testsuite hostname="QSIH-00493" name="com.ole.work.BrokenLinks" tests="1" failures="0" timestamp="10 Dec 2015 12:08:35 GMT" time="11.143" errors="0">
  <testcase name="checkBrokednLinks" time="11.143" classname="com.ole.work.BrokenLinks"/>
</testsuite> <!-- com.ole.work.BrokenLinks -->
