<?xml version="1.0" encoding="UTF-8"?>
<!-- Generated by org.testng.reporters.JUnitReportReporter -->
<testsuite hostname="QSIH-00493" name="upload.WebtableData" tests="1" failures="0" timestamp="6 Dec 2015 16:44:30 GMT" time="3.429" errors="0">
  <testcase name="handlewebtable" time="3.429" classname="upload.WebtableData"/>
</testsuite> <!-- upload.WebtableData -->
