<?xml version="1.0" encoding="UTF-8"?>
<!-- Generated by org.testng.reporters.JUnitReportReporter -->
<testsuite hostname="QSIH-00493" name="upload.WindowScroll" tests="1" failures="0" timestamp="10 Dec 2015 12:52:20 GMT" time="6.074" errors="0">
  <testcase name="scrollMeUp" time="6.074" classname="upload.WindowScroll"/>
</testsuite> <!-- upload.WindowScroll -->
