<?xml version="1.0" encoding="UTF-8"?>
<!-- Generated by org.testng.reporters.JUnitReportReporter -->
<testsuite hostname="QSIH-00493" name="com.ole.work.SenthilDraganDrop" tests="1" failures="0" timestamp="5 Dec 2015 14:27:56 GMT" time="9.517" errors="0">
  <testcase name="dragDrop" time="9.517" classname="com.ole.work.SenthilDraganDrop"/>
</testsuite> <!-- com.ole.work.SenthilDraganDrop -->
