<?xml version="1.0" encoding="UTF-8"?>
<!-- Generated by org.testng.reporters.JUnitReportReporter -->
<testsuite hostname="QSIH-00493" name="com.ole.work.WindowHandleN" tests="1" failures="0" timestamp="5 Dec 2015 08:30:07 GMT" time="6.325" errors="0">
  <testcase name="windowHandleTest" time="6.325" classname="com.ole.work.WindowHandleN"/>
</testsuite> <!-- com.ole.work.WindowHandleN -->
