<?xml version="1.0" encoding="UTF-8"?>
<!-- Generated by org.testng.reporters.JUnitReportReporter -->
<testsuite hostname="QSIH-00493" name="com.in.ss.Naukri" tests="1" failures="0" timestamp="3 Jan 2016 05:25:53 GMT" time="13.498" errors="0">
  <testcase name="clickonMenulinks" time="13.498" classname="com.in.ss.Naukri"/>
</testsuite> <!-- com.in.ss.Naukri -->
