<?xml version="1.0" encoding="UTF-8"?>
<!-- Generated by org.testng.reporters.JUnitReportReporter -->
<testsuite hostname="QSIH-00493" name="com.ole.work.ClickAndHold" tests="1" failures="0" timestamp="5 Dec 2015 14:22:28 GMT" time="6.827" errors="0">
  <testcase name="clickAndHoldWork" time="6.827" classname="com.ole.work.ClickAndHold"/>
</testsuite> <!-- com.ole.work.ClickAndHold -->
