<?xml version="1.0" encoding="UTF-8"?>
<!-- Generated by org.testng.reporters.JUnitReportReporter -->
<testsuite hostname="QSIH-00493" name="com.ole.work.DragandDropEx" tests="1" failures="0" timestamp="10 Dec 2015 12:04:43 GMT" time="6.110" errors="0">
  <testcase name="TestDragandDrop" time="6.110" classname="com.ole.work.DragandDropEx"/>
</testsuite> <!-- com.ole.work.DragandDropEx -->
