<?xml version="1.0" encoding="UTF-8"?>
<!-- Generated by org.testng.reporters.JUnitReportReporter -->
<testsuite hostname="QSIH-00493" name="upload.BrokenImages" tests="1" failures="0" timestamp="1 Jan 2016 04:56:37 GMT" time="3.548" errors="0">
  <testcase name="findbrokenimages" time="3.548" classname="upload.BrokenImages"/>
</testsuite> <!-- upload.BrokenImages -->
