<?xml version="1.0" encoding="UTF-8"?>
<!-- Generated by org.testng.reporters.JUnitReportReporter -->
<testsuite hostname="QSIH-00493" name="upload.FileUplod" tests="1" failures="0" timestamp="5 Dec 2015 15:35:01 GMT" time="14.023" errors="0">
  <testcase name="uploadme" time="14.023" classname="upload.FileUplod"/>
</testsuite> <!-- upload.FileUplod -->
