<?xml version="1.0" encoding="UTF-8"?>
<!-- Generated by org.testng.reporters.JUnitReportReporter -->
<testsuite hostname="QSIH-00493" name="upload.GoogleSearch" tests="1" failures="0" timestamp="10 Dec 2015 17:33:54 GMT" time="6.022" errors="0">
  <testcase name="searcme" time="6.022" classname="upload.GoogleSearch"/>
</testsuite> <!-- upload.GoogleSearch -->
