<?xml version="1.0" encoding="UTF-8"?>
<!-- Generated by org.testng.reporters.JUnitReportReporter -->
<testsuite hostname="QSIH-00493" name="upload.FileUploadTest" tests="1" failures="0" timestamp="10 Dec 2015 16:50:18 GMT" time="8.778" errors="0">
  <testcase name="Uploadmefile" time="8.778" classname="upload.FileUploadTest"/>
</testsuite> <!-- upload.FileUploadTest -->
