<?xml version="1.0" encoding="UTF-8"?>
<!-- Generated by org.testng.reporters.JUnitReportReporter -->
<testsuite hostname="QSIH-00493" name="com.ole.work.RightClickFacebook" tests="1" failures="0" timestamp="10 Dec 2015 05:09:10 GMT" time="13.067" errors="0">
  <testcase name="RightclcikPasswordlink" time="13.067" classname="com.ole.work.RightClickFacebook"/>
</testsuite> <!-- com.ole.work.RightClickFacebook -->
